0 info it worked if it ends with ok
1 verbose cli [ '/usr/local/bin/node',
1 verbose cli   '/usr/local/bin/npm',
1 verbose cli   'run',
1 verbose cli   'web-app-test' ]
2 info using npm@2.15.11
3 info using node@v6.9.5
4 verbose run-script [ 'preweb-app-test', 'web-app-test', 'postweb-app-test' ]
5 info preweb-app-test meteor-server-client@
6 info web-app-test meteor-server-client@
7 verbose unsafe-perm in lifecycle true
8 info meteor-server-client@ Failed to exec web-app-test script
9 verbose stack Error: meteor-server-client@ web-app-test: `MONGO_URL=mongodb://localhost:27017/web-api-1 meteor --debug-port 3201 --port 3101 --settings settings.json`
9 verbose stack Exit status 1
9 verbose stack     at EventEmitter.<anonymous> (/usr/local/lib/node_modules/npm/lib/utils/lifecycle.js:217:16)
9 verbose stack     at emitTwo (events.js:106:13)
9 verbose stack     at EventEmitter.emit (events.js:191:7)
9 verbose stack     at ChildProcess.<anonymous> (/usr/local/lib/node_modules/npm/lib/utils/spawn.js:24:14)
9 verbose stack     at emitTwo (events.js:106:13)
9 verbose stack     at ChildProcess.emit (events.js:191:7)
9 verbose stack     at maybeClose (internal/child_process.js:877:16)
9 verbose stack     at Process.ChildProcess._handle.onexit (internal/child_process.js:226:5)
10 verbose pkgid meteor-server-client@
11 verbose cwd /Users/aadams/Meteors/tests/meteor-web-app-test/web-api-user
12 error Darwin 16.5.0
13 error argv "/usr/local/bin/node" "/usr/local/bin/npm" "run" "web-app-test"
14 error node v6.9.5
15 error npm  v2.15.11
16 error code ELIFECYCLE
17 error meteor-server-client@ web-app-test: `MONGO_URL=mongodb://localhost:27017/web-api-1 meteor --debug-port 3201 --port 3101 --settings settings.json`
17 error Exit status 1
18 error Failed at the meteor-server-client@ web-app-test script 'MONGO_URL=mongodb://localhost:27017/web-api-1 meteor --debug-port 3201 --port 3101 --settings settings.json'.
18 error This is most likely a problem with the meteor-server-client package,
18 error not with npm itself.
18 error Tell the author that this fails on your system:
18 error     MONGO_URL=mongodb://localhost:27017/web-api-1 meteor --debug-port 3201 --port 3101 --settings settings.json
18 error You can get information on how to open an issue for this project with:
18 error     npm bugs meteor-server-client
18 error Or if that isn't available, you can get their info via:
18 error
18 error     npm owner ls meteor-server-client
18 error There is likely additional logging output above.
19 verbose exit [ 1, true ]
